No files changed, compilation skipped
Traces:
  [1100004] → new RecreateVault@0x5b73C5498c1E3b4dbA84de0F1833c4a029d90519
    └─ ← [Return] 5382 bytes of code

  [1024193843] RecreateVault::run()
    ├─ [0] VM::envAddress("CHALLENGE_CONTRACT_ADDRESS") [staticcall]
    │   └─ ← [Return] <env var value>
    ├─ [2786] 0x0ABB2a582d8e8AEce251eE6195B26981B3DD2022::vaultFactory() [staticcall]
    │   └─ ← [Return] 0x4AB139589999A2Bd21c921E53DB2388f815eb15C
    ├─ [2780] 0x0ABB2a582d8e8AEce251eE6195B26981B3DD2022::vault() [staticcall]
    │   └─ ← [Return] 0xEaFFc891d42Afb8cE84aAE317c052ac05d96958F
    ├─ [2758] 0x0ABB2a582d8e8AEce251eE6195B26981B3DD2022::diamond() [staticcall]
    │   └─ ← [Return] 0xA2De85061a2c58ede110DAF13239a3B7606B420C
    ├─ [2737] 0x0ABB2a582d8e8AEce251eE6195B26981B3DD2022::hexensCoin() [staticcall]
    │   └─ ← [Return] 0xFd24C9f65293C4A5D7c78AAe1C80D96720973D98
    ├─ [0] VM::startBroadcast()
    │   └─ ← [Return] 
    ├─ [254494] → new Exploit@0x675CcFC47805C0c1EeAb3C9eb6DA72F4EBB94E52
    │   └─ ← [Return] 1271 bytes of code
    ├─ [0] VM::stopBroadcast()
    │   └─ ← [Return] 
    ├─ [0] VM::startBroadcast(0x811a083231f5926cda3DC2666b64f55a049B4C09)
    │   └─ ← [Return] 
    ├─ [1023746873] Exploit::reCreateVault(0x4AB139589999A2Bd21c921E53DB2388f815eb15C)
    │   ├─ [1023743428] 0x4AB139589999A2Bd21c921E53DB2388f815eb15C::createVault(0x95b40e9247270d99761bdcc5163a6fcb69a6f383a26d956a4f29ed2a4edda38a)
    │   │   ├─ [0] → new <unknown>@0xEaFFc891d42Afb8cE84aAE317c052ac05d96958F
    │   │   │   └─ ← [CreateCollision] EvmError: CreateCollision
    │   │   └─ ← [Revert] EvmError: Revert
    │   └─ ← [Revert] EvmError: Revert
    └─ ← [Revert] EvmError: Revert


